<?xml version="1.0" encoding="UTF-8"?>
<testsuite name="com.epam.environment.cucumberTests.SecondTestRunner" time="1.544" tests="13" errors="0" skipped="0" failures="0">
  <properties>
[...]
</properties>
  <testcase name="Given I am on SuperHomePage" classname="Scenario: Check the ability to find results with Car hire search gadget" time="0.003"/>
  <testcase name="When I click on the superHomePageElement &apos;carHireFormButton&apos;" classname="Scenario: Check the ability to find results with Car hire search gadget" time="0"/>
  <testcase name="And I fill superHomePage form by &apos;minimumCarHireProfile&apos; profile" classname="Scenario: Check the ability to find results with Car hire search gadget" time="0"/>
  <testcase name="And I click on the superHomePageElement &apos;carHireSearchButton&apos;" classname="Scenario: Check the ability to find results with Car hire search gadget" time="0"/>
  <testcase name="And I wait for page absolutely load" classname="Scenario: Check the ability to find results with Car hire search gadget" time="0"/>
  <testcase name="And I wait for all providers load" classname="Scenario: Check the ability to find results with Car hire search gadget" time="0"/>
  <testcase name="Then I am taken to the CarHireResults page" classname="Scenario: Check the ability to find results with Car hire search gadget" time="0"/>
  <testcase name="Then I click on the &apos;1&apos;st element of &apos;viewDealButtons&apos; group" classname="Scenario: Check the ability to find results with Car hire search gadget" time="0"/>
  <testcase name="When I switch to another handle" classname="Scenario: Check the ability to find results with Car hire search gadget" time="0"/>
  <testcase name="Then I am taken to the page contains URL &apos;http://www.sit1.gb.travelsupermarket.com/beta/en-gb/interstitial&apos;" classname="Scenario: Check the ability to find results with Car hire search gadget" time="0"/>
  <testcase name="When I am automaticaly redirected" classname="Scenario: Check the ability to find results with Car hire search gadget" time="0"/>
  <testcase name="Then I am taken to the page contains URL &apos;www.arguscarhire.com/&apos;" classname="Scenario: Check the ability to find results with Car hire search gadget" time="0"/>
  <testcase name="Scenario: Check the ability to find results with Car hire search gadget" classname="Scenario: Check the ability to find results with Car hire search gadget" time="1.541"/>
</testsuite>